<?xml version="1.0" encoding="UTF-8"?>
<!-- Generated by org.testng.reporters.JUnitReportReporter -->
<testsuite hostname="ArunKamath" failures="0" tests="3" name="tests.schemavalidator" time="18.373" errors="0" timestamp="2023-08-27T19:23:27 IST" skipped="0">
  <testcase classname="tests.schemavalidator" name="postcreatebook" time="9.002"/>
  <system-out/>
  <testcase classname="tests.schemavalidator" name="getBookingname" time="2.624"/>
  <system-out/>
  <testcase classname="tests.schemavalidator" name="putBooking" time="6.747"/>
  <system-out/>
</testsuite> <!-- tests.schemavalidator -->
