<?xml version="1.0" encoding="UTF-8"?>
<!-- Generated by org.testng.reporters.JUnitReportReporter -->
<testsuite hostname="ArunKamath" failures="0" tests="6" name="tests.bookingid" time="11.687" errors="0" timestamp="2023-08-27T18:23:33 IST" skipped="0">
  <testcase classname="tests.bookingid" name="getbookingID" time="3.128"/>
  <system-out/>
  <testcase classname="tests.bookingid" name="postcreatebook" time="1.925"/>
  <system-out/>
  <testcase classname="tests.bookingid" name="getBookingname" time="1.118"/>
  <system-out/>
  <testcase classname="tests.bookingid" name="putBooking" time="2.245"/>
  <system-out/>
  <testcase classname="tests.bookingid" name="getBookingname1" time="1.139"/>
  <system-out/>
  <testcase classname="tests.bookingid" name="delBooking" time="2.132"/>
  <system-out/>
</testsuite> <!-- tests.bookingid -->
