<?xml version="1.0" encoding="UTF-8"?>
<!-- Generated by org.testng.reporters.JUnitReportReporter -->
<testsuite hostname="ArunKamath" failures="0" tests="1" name="tests.getToken" time="7.005" errors="0" timestamp="2023-08-26T22:19:23 IST" skipped="0">
  <testcase classname="tests.getToken" name="getToken" time="7.005"/>
  <system-out/>
</testsuite> <!-- tests.getToken -->
